
=== capture start 14:24:46 ===
14:24:46.607  \####RealSimGear#RealSimGear-GCU479#5#3.2.4#756E6B776F04E/
14:24:46.607  \####RealSimGear#RealSimGear-GCU479#5#3.2.4#756E6B776F04E/
14:24:46.607  <empty heartbeat>
14:24:46.607  <empty heartbeat>
14:24:46.607  <empty heartbeat>
14:24:46.607  <empty heartbeat>
14:24:46.607  <empty heartbeat>
14:24:46.607  <empty heartbeat>
14:24:46.607  <empty heartbeat>
14:24:46.607  <empty heartbeat>
14:24:46.607  <empty heartbeat>
14:24:46.607  <empty heartbeat>
14:24:46.607  <empty heartbeat>
14:24:46.607  <empty heartbeat>
14:24:46.607  <empty heartbeat>
14:24:46.607  <empty heartbeat>
14:24:46.607  <empty heartbeat>
14:24:46.607  <empty heartbeat>
14:24:46.607  <empty heartbeat>
14:24:46.607  <empty heartbeat>
14:24:46.607  <empty heartbeat>
14:24:46.607  <empty heartbeat>
14:24:46.607  <empty heartbeat>
14:24:46.607  <empty heartbeat>
14:24:46.607  <empty heartbeat>
14:24:46.607  <empty heartbeat>
14:24:46.607  <empty heartbeat>
14:24:46.607  <empty heartbeat>
14:24:46.607  <empty heartbeat>
14:24:46.607  <empty heartbeat>
14:24:46.607  <empty heartbeat>
14:24:46.608  \####RealSimGear#RealSimGear-GCU479#5#3.2.4#756E6B776F04E/
14:24:46.608  <empty heartbeat>
14:24:46.608  <empty heartbeat>
14:24:46.608  <empty heartbeat>
14:24:46.608  <empty heartbeat>
14:24:46.608  <empty heartbeat>
14:24:46.608  <empty heartbeat>
14:24:46.608  <empty heartbeat>
14:24:46.608  <empty heartbeat>
14:24:46.608  <empty heartbeat>
14:24:46.608  <empty heartbeat>
14:24:46.608  <empty heartbeat>
14:24:46.608  <empty heartbeat>
14:24:46.608  <empty heartbeat>
14:24:46.608  <empty heartbeat>
14:24:46.608  <empty heartbeat>
14:24:46.608  <empty heartbeat>
14:24:46.608  <empty heartbeat>
14:24:46.608  <empty heartbeat>
14:24:46.608  <empty heartbeat>
14:24:48.534  \####RealSimGear#RealSimGear-GCU479#5#3.2.4#756E6B776F04E/
14:24:51.538  \####RealSimGear#RealSimGear-GCU479#5#3.2.4#756E6B776F04E/
14:24:51.635  <empty heartbeat>
14:24:51.736  <empty heartbeat>
14:24:51.837  <empty heartbeat>
14:24:51.938  <empty heartbeat>
14:24:52.040  <empty heartbeat>
14:24:52.141  <empty heartbeat>
14:24:52.242  <empty heartbeat>
14:24:52.343  <empty heartbeat>
14:24:52.444  <empty heartbeat>
14:24:52.546  <empty heartbeat>
14:24:52.647  <empty heartbeat>
14:24:52.748  <empty heartbeat>
14:24:52.849  <empty heartbeat>
14:24:52.950  <empty heartbeat>
14:24:53.052  <empty heartbeat>
14:24:53.153  <empty heartbeat>
14:24:53.254  <empty heartbeat>
14:24:53.355  <empty heartbeat>
14:24:53.457  <empty heartbeat>
14:24:53.558  <empty heartbeat>
14:24:53.659  <empty heartbeat>
14:24:53.760  <empty heartbeat>
14:24:53.861  <empty heartbeat>
14:24:53.963  <empty heartbeat>
14:24:54.064  <empty heartbeat>
14:24:54.165  <empty heartbeat>
14:24:54.266  <empty heartbeat>
14:24:54.368  <empty heartbeat>
14:24:54.469  <empty heartbeat>
14:24:54.539  \####RealSimGear#RealSimGear-GCU479#5#3.2.4#756E6B776F04E/
14:24:54.639  <empty heartbeat>
14:24:54.741  <empty heartbeat>
14:24:54.842  <empty heartbeat>
14:24:54.943  <empty heartbeat>
14:24:55.044  <empty heartbeat>
14:24:55.145  <empty heartbeat>
14:24:55.247  <empty heartbeat>
14:24:55.348  <empty heartbeat>
14:24:55.449  <empty heartbeat>
14:24:55.550  <empty heartbeat>
14:24:55.651  <empty heartbeat>
14:24:55.753  <empty heartbeat>
14:24:55.854  <empty heartbeat>
14:24:55.955  <empty heartbeat>
14:24:56.056  <empty heartbeat>
14:24:56.157  <empty heartbeat>
14:24:56.259  <empty heartbeat>
14:24:56.360  <empty heartbeat>
14:24:56.461  <empty heartbeat>
14:24:56.562  <empty heartbeat>
14:24:56.664  <empty heartbeat>
14:24:56.765  <empty heartbeat>
14:24:56.866  <empty heartbeat>
14:24:56.967  <empty heartbeat>
14:24:57.068  <empty heartbeat>
14:24:57.170  <empty heartbeat>
14:24:57.271  <empty heartbeat>
14:24:57.372  <empty heartbeat>
14:24:57.473  <empty heartbeat>
14:24:57.544  \####RealSimGear#RealSimGear-GCU479#5#3.2.4#756E6B776F04E/
14:24:57.644  <empty heartbeat>
14:24:57.745  <empty heartbeat>
14:24:57.846  <empty heartbeat>
14:24:57.947  <empty heartbeat>
14:24:58.049  <empty heartbeat>
14:24:58.150  <empty heartbeat>
14:24:58.251  <empty heartbeat>
14:24:58.352  <empty heartbeat>
14:24:58.453  <empty heartbeat>
14:24:58.555  <empty heartbeat>
14:24:58.656  <empty heartbeat>
14:24:58.757  <empty heartbeat>
14:24:58.858  <empty heartbeat>
14:24:58.960  <empty heartbeat>
14:24:59.061  <empty heartbeat>
14:24:59.162  <empty heartbeat>
14:24:59.263  <empty heartbeat>
14:24:59.364  <empty heartbeat>
14:24:59.465  <empty heartbeat>
14:24:59.567  <empty heartbeat>
14:24:59.668  <empty heartbeat>
14:24:59.769  <empty heartbeat>
14:24:59.870  <empty heartbeat>
14:24:59.972  <empty heartbeat>
14:25:00.073  <empty heartbeat>
14:25:00.174  <empty heartbeat>
14:25:00.275  <empty heartbeat>
14:25:00.376  <empty heartbeat>
14:25:00.478  <empty heartbeat>
14:25:00.549  \####RealSimGear#RealSimGear-GCU479#5#3.2.4#756E6B776F04E/
14:25:00.645  <empty heartbeat>
14:25:00.747  <empty heartbeat>
14:25:00.848  <empty heartbeat>
14:25:00.949  <empty heartbeat>
14:25:01.050  <empty heartbeat>
14:25:01.151  <empty heartbeat>
14:25:01.253  <empty heartbeat>
14:25:01.354  <empty heartbeat>
14:25:01.455  <empty heartbeat>
14:25:01.556  <empty heartbeat>
14:25:01.657  <empty heartbeat>
14:25:01.759  <empty heartbeat>
14:25:01.860  <empty heartbeat>
14:25:01.961  <empty heartbeat>
14:25:02.062  <empty heartbeat>
14:25:02.163  <empty heartbeat>
14:25:02.265  <empty heartbeat>
14:25:02.366  <empty heartbeat>
14:25:02.467  <empty heartbeat>
14:25:02.568  <empty heartbeat>
14:25:02.670  <empty heartbeat>
14:25:02.771  <empty heartbeat>
14:25:02.872  <empty heartbeat>
14:25:02.973  <empty heartbeat>
14:25:03.074  <empty heartbeat>
14:25:03.176  <empty heartbeat>
14:25:03.277  <empty heartbeat>
14:25:03.378  <empty heartbeat>
14:25:03.479  <empty heartbeat>
14:25:03.550  \####RealSimGear#RealSimGear-GCU479#5#3.2.4#756E6B776F04E/
14:25:03.650  <empty heartbeat>
14:25:03.751  <empty heartbeat>
14:25:03.852  <empty heartbeat>
14:25:03.953  <empty heartbeat>
14:25:04.055  <empty heartbeat>
14:25:04.156  <empty heartbeat>
14:25:04.257  <empty heartbeat>
14:25:04.358  <empty heartbeat>
14:25:04.459  <empty heartbeat>
14:25:04.560  <empty heartbeat>
14:25:04.662  <empty heartbeat>
14:25:04.763  <empty heartbeat>
14:25:04.864  <empty heartbeat>
14:25:04.965  <empty heartbeat>
14:25:05.067  <empty heartbeat>
14:25:05.168  <empty heartbeat>
14:25:05.269  <empty heartbeat>
14:25:05.370  <empty heartbeat>
14:25:05.472  <empty heartbeat>
14:25:05.573  <empty heartbeat>
14:25:05.674  <empty heartbeat>
14:25:05.775  <empty heartbeat>
14:25:05.876  <empty heartbeat>
14:25:05.978  <empty heartbeat>
14:25:06.079  <empty heartbeat>
14:25:06.180  <empty heartbeat>
14:25:06.281  <empty heartbeat>
14:25:06.382  <empty heartbeat>
14:25:06.484  <empty heartbeat>
14:25:06.554  \####RealSimGear#RealSimGear-GCU479#5#3.2.4#756E6B776F04E/
14:25:06.654  <empty heartbeat>
14:25:06.755  <empty heartbeat>
14:25:06.857  <empty heartbeat>
14:25:06.958  <empty heartbeat>
14:25:07.059  <empty heartbeat>
14:25:07.160  <empty heartbeat>
14:25:07.261  <empty heartbeat>
14:25:07.363  <empty heartbeat>
14:25:07.464  <empty heartbeat>
14:25:07.565  <empty heartbeat>
14:25:07.666  <empty heartbeat>
14:25:07.768  <empty heartbeat>
14:25:07.869  <empty heartbeat>
14:25:07.970  <empty heartbeat>
14:25:08.071  <empty heartbeat>
14:25:08.172  <empty heartbeat>
14:25:08.274  <empty heartbeat>
14:25:08.375  <empty heartbeat>
14:25:08.476  <empty heartbeat>
14:25:08.577  <empty heartbeat>
14:25:08.678  <empty heartbeat>
14:25:08.780  <empty heartbeat>
14:25:08.881  <empty heartbeat>
14:25:08.982  <empty heartbeat>
14:25:09.083  <empty heartbeat>
14:25:09.185  <empty heartbeat>
14:25:09.286  <empty heartbeat>
14:25:09.387  <empty heartbeat>
14:25:09.488  <empty heartbeat>
14:25:09.556  \####RealSimGear#RealSimGear-GCU479#5#3.2.4#756E6B776F04E/
14:25:09.656  <empty heartbeat>
14:25:09.757  <empty heartbeat>
14:25:09.858  <empty heartbeat>
14:25:09.959  <empty heartbeat>
14:25:10.061  <empty heartbeat>
14:25:10.162  <empty heartbeat>
14:25:10.263  <empty heartbeat>
14:25:10.364  <empty heartbeat>
14:25:10.465  <empty heartbeat>
14:25:10.567  <empty heartbeat>
14:25:10.668  <empty heartbeat>
14:25:10.769  <empty heartbeat>
14:25:10.870  <empty heartbeat>
14:25:10.971  <empty heartbeat>
14:25:11.073  <empty heartbeat>
14:25:11.174  <empty heartbeat>
14:25:11.275  <empty heartbeat>
14:25:11.376  <empty heartbeat>
14:25:11.478  <empty heartbeat>
14:25:11.579  <empty heartbeat>
14:25:11.680  <empty heartbeat>
14:25:11.781  <empty heartbeat>
14:25:11.882  <empty heartbeat>
14:25:11.984  <empty heartbeat>
14:25:12.085  <empty heartbeat>
14:25:12.186  <empty heartbeat>
14:25:12.287  <empty heartbeat>
14:25:12.388  <empty heartbeat>
14:25:12.490  <empty heartbeat>
14:25:12.558  \####RealSimGear#RealSimGear-GCU479#5#3.2.4#756E6B776F04E/
14:25:12.657  <empty heartbeat>
14:25:12.758  <empty heartbeat>
14:25:12.860  <empty heartbeat>
14:25:12.961  <empty heartbeat>
14:25:13.062  <empty heartbeat>
14:25:13.163  <empty heartbeat>
14:25:13.265  <empty heartbeat>
14:25:13.366  <empty heartbeat>
14:25:13.467  <empty heartbeat>
14:25:13.568  <empty heartbeat>
14:25:13.669  <empty heartbeat>
14:25:13.771  <empty heartbeat>
14:25:13.872  <empty heartbeat>
14:25:13.973  <empty heartbeat>
14:25:14.074  <empty heartbeat>
14:25:14.175  <empty heartbeat>
14:25:14.277  <empty heartbeat>
14:25:14.378  <empty heartbeat>
14:25:14.479  <empty heartbeat>
14:25:14.580  <empty heartbeat>
14:25:14.681  <empty heartbeat>
14:25:14.783  <empty heartbeat>
14:25:14.884  <empty heartbeat>
14:25:14.985  <empty heartbeat>
14:25:15.086  <empty heartbeat>
14:25:15.188  <empty heartbeat>
14:25:15.289  <empty heartbeat>
14:25:15.390  <empty heartbeat>
14:25:15.491  <empty heartbeat>
14:25:15.562  \####RealSimGear#RealSimGear-GCU479#5#3.2.4#756E6B776F04E/
14:25:15.662  <empty heartbeat>
14:25:15.763  <empty heartbeat>
14:25:15.864  <empty heartbeat>
14:25:15.965  <empty heartbeat>
14:25:16.067  <empty heartbeat>
14:25:16.168  <empty heartbeat>
14:25:16.269  <empty heartbeat>
14:25:16.370  <empty heartbeat>
14:25:16.471  <empty heartbeat>
14:25:16.573  <empty heartbeat>
14:25:16.674  <empty heartbeat>
14:25:16.775  <empty heartbeat>
14:25:16.876  <empty heartbeat>
14:25:16.978  <empty heartbeat>
14:25:17.079  <empty heartbeat>
14:25:17.180  <empty heartbeat>
14:25:17.281  <empty heartbeat>
14:25:17.382  <empty heartbeat>
14:25:17.484  <empty heartbeat>
14:25:17.585  <empty heartbeat>
14:25:17.686  <empty heartbeat>
14:25:17.787  <empty heartbeat>
14:25:17.888  <empty heartbeat>
14:25:17.990  <empty heartbeat>
14:25:18.091  <empty heartbeat>
14:25:18.192  <empty heartbeat>
14:25:18.293  <empty heartbeat>
14:25:18.395  <empty heartbeat>
14:25:18.496  <empty heartbeat>
14:25:18.566  \####RealSimGear#RealSimGear-GCU479#5#3.2.4#756E6B776F04E/
14:25:18.663  <empty heartbeat>
14:25:18.765  <empty heartbeat>
14:25:18.866  <empty heartbeat>
14:25:18.967  <empty heartbeat>
14:25:19.068  <empty heartbeat>
14:25:19.169  <empty heartbeat>
14:25:19.271  <empty heartbeat>
14:25:19.372  <empty heartbeat>
14:25:19.473  <empty heartbeat>
14:25:19.574  <empty heartbeat>
14:25:19.675  <empty heartbeat>
14:25:19.777  <empty heartbeat>
14:25:19.878  <empty heartbeat>
14:25:19.979  <empty heartbeat>
14:25:20.080  <empty heartbeat>
14:25:20.182  <empty heartbeat>
14:25:20.283  <empty heartbeat>
14:25:20.384  <empty heartbeat>
14:25:20.485  <empty heartbeat>
14:25:20.586  <empty heartbeat>
14:25:20.688  <empty heartbeat>
14:25:20.789  <empty heartbeat>
14:25:20.890  <empty heartbeat>
14:25:20.991  <empty heartbeat>
14:25:21.092  <empty heartbeat>
14:25:21.194  <empty heartbeat>
14:25:21.295  <empty heartbeat>
14:25:21.396  <empty heartbeat>
14:25:21.497  <empty heartbeat>
14:25:21.568  \####RealSimGear#RealSimGear-GCU479#5#3.2.4#756E6B776F04E/
14:25:21.668  <empty heartbeat>
14:25:21.769  <empty heartbeat>
14:25:21.870  <empty heartbeat>
14:25:21.971  <empty heartbeat>
14:25:22.073  <empty heartbeat>
14:25:22.174  <empty heartbeat>
14:25:22.275  <empty heartbeat>
14:25:22.376  <empty heartbeat>
14:25:22.477  <empty heartbeat>
14:25:22.579  <empty heartbeat>
14:25:22.680  <empty heartbeat>
14:25:22.781  <empty heartbeat>
14:25:22.882  <empty heartbeat>
14:25:22.984  <empty heartbeat>
14:25:23.085  <empty heartbeat>
14:25:23.186  <empty heartbeat>
14:25:23.287  <empty heartbeat>
14:25:23.388  <empty heartbeat>
14:25:23.490  <empty heartbeat>
14:25:23.591  <empty heartbeat>
14:25:23.692  <empty heartbeat>
14:25:23.793  <empty heartbeat>
14:25:23.895  <empty heartbeat>
14:25:23.996  <empty heartbeat>
14:25:24.097  <empty heartbeat>
14:25:24.198  <empty heartbeat>
14:25:24.299  <empty heartbeat>
14:25:24.401  <empty heartbeat>
14:25:24.502  <empty heartbeat>
14:25:24.573  \####RealSimGear#RealSimGear-GCU479#5#3.2.4#756E6B776F04E/
14:25:24.672  <empty heartbeat>
14:25:24.773  <empty heartbeat>
14:25:24.875  <empty heartbeat>
14:25:24.976  <empty heartbeat>
14:25:25.077  <empty heartbeat>
14:25:25.178  <empty heartbeat>
14:25:25.280  <empty heartbeat>
14:25:25.381  <empty heartbeat>
14:25:25.482  <empty heartbeat>
14:25:25.583  <empty heartbeat>
14:25:25.684  <empty heartbeat>
14:25:25.786  <empty heartbeat>
14:25:25.887  <empty heartbeat>
14:25:25.988  <empty heartbeat>
14:25:26.089  <empty heartbeat>
14:25:26.190  <empty heartbeat>
14:25:26.292  <empty heartbeat>
14:25:26.393  <empty heartbeat>
14:25:26.494  <empty heartbeat>
14:25:26.595  <empty heartbeat>
14:25:26.697  <empty heartbeat>
14:25:26.798  <empty heartbeat>
14:25:26.899  <empty heartbeat>
14:25:26.000  <empty heartbeat>
14:25:27.101  <empty heartbeat>
14:25:27.203  <empty heartbeat>
14:25:27.304  <empty heartbeat>
14:25:27.405  <empty heartbeat>
14:25:27.506  <empty heartbeat>
14:25:27.577  \####RealSimGear#RealSimGear-GCU479#5#3.2.4#756E6B776F04E/
14:25:27.674  <empty heartbeat>
14:25:27.775  <empty heartbeat>
14:25:27.876  <empty heartbeat>
14:25:27.978  <empty heartbeat>
14:25:28.079  <empty heartbeat>
14:25:28.180  <empty heartbeat>
14:25:28.281  <empty heartbeat>
14:25:28.382  <empty heartbeat>
14:25:28.483  <empty heartbeat>
14:25:28.585  <empty heartbeat>
14:25:28.686  <empty heartbeat>
14:25:28.787  <empty heartbeat>
14:25:28.888  <empty heartbeat>
14:25:28.990  <empty heartbeat>
14:25:29.091  <empty heartbeat>
14:25:29.192  <empty heartbeat>
14:25:29.293  <empty heartbeat>
14:25:29.395  <empty heartbeat>
14:25:29.496  <empty heartbeat>
14:25:29.597  <empty heartbeat>
14:25:29.698  <empty heartbeat>
14:25:29.799  <empty heartbeat>
14:25:29.901  <empty heartbeat>
14:25:30.002  <empty heartbeat>
14:25:30.103  <empty heartbeat>
14:25:30.204  <empty heartbeat>
14:25:30.305  <empty heartbeat>
14:25:30.406  <empty heartbeat>
14:25:30.508  <empty heartbeat>
14:25:30.578  \####RealSimGear#RealSimGear-GCU479#5#3.2.4#756E6B776F04E/
14:25:30.678  <empty heartbeat>
14:25:30.780  <empty heartbeat>
14:25:30.881  <empty heartbeat>
14:25:30.982  <empty heartbeat>
14:25:31.083  <empty heartbeat>
14:25:31.184  <empty heartbeat>
14:25:31.286  <empty heartbeat>
14:25:31.387  <empty heartbeat>
14:25:31.488  <empty heartbeat>
14:25:31.589  <empty heartbeat>
14:25:31.690  <empty heartbeat>
14:25:31.792  <empty heartbeat>
14:25:31.893  <empty heartbeat>
14:25:31.994  <empty heartbeat>
14:25:32.095  <empty heartbeat>
14:25:32.196  <empty heartbeat>
14:25:32.298  <empty heartbeat>
14:25:32.399  <empty heartbeat>
14:25:32.500  <empty heartbeat>
14:25:32.601  <empty heartbeat>
14:25:32.703  <empty heartbeat>
14:25:32.804  <empty heartbeat>
14:25:32.905  <empty heartbeat>
14:25:33.006  <empty heartbeat>
14:25:33.046  BTN_PAN_UP=1
14:25:33.150  <empty heartbeat>
14:25:33.252  <empty heartbeat>
14:25:33.313  BTN_PAN_UP=0
14:25:33.417  <empty heartbeat>
14:25:33.518  <empty heartbeat>
14:25:33.583  \####RealSimGear#RealSimGear-GCU479#5#3.2.4#756E6B776F04E/
14:25:33.683  <empty heartbeat>
14:25:33.784  <empty heartbeat>
14:25:33.885  <empty heartbeat>
14:25:33.986  <empty heartbeat>
14:25:34.087  <empty heartbeat>
14:25:34.186  BTN_PAN_DN=1
14:25:34.291  <empty heartbeat>
14:25:34.385  BTN_PAN_DN=0
14:25:34.489  <empty heartbeat>
14:25:34.590  <empty heartbeat>
14:25:34.691  <empty heartbeat>
14:25:34.793  <empty heartbeat>
14:25:34.894  <empty heartbeat>
14:25:34.995  <empty heartbeat>
14:25:35.095  BTN_PAN_LEFT=1
14:25:35.199  <empty heartbeat>
14:25:35.253  BTN_PAN_LEFT=0
14:25:35.358  <empty heartbeat>
14:25:35.459  <empty heartbeat>
14:25:35.560  <empty heartbeat>
14:25:35.662  <empty heartbeat>
14:25:35.763  <empty heartbeat>
14:25:35.864  <empty heartbeat>
14:25:35.965  <empty heartbeat>
14:25:36.066  <empty heartbeat>
14:25:36.111  BTN_PAN_RIGHT=1
14:25:36.214  <empty heartbeat>
14:25:36.266  BTN_PAN_RIGHT=0
14:25:36.370  <empty heartbeat>
14:25:36.471  <empty heartbeat>
14:25:36.572  <empty heartbeat>
14:25:36.587  \####RealSimGear#RealSimGear-GCU479#5#3.2.4#756E6B776F04E/
14:25:36.683  <empty heartbeat>
14:25:36.785  <empty heartbeat>
14:25:36.886  <empty heartbeat>
14:25:36.987  <empty heartbeat>
14:25:37.087  <empty heartbeat>
14:25:37.189  <empty heartbeat>
14:25:37.190  BTN_PAN_SYNC=1
14:25:37.292  <empty heartbeat>
14:25:37.392  <empty heartbeat>
14:25:37.457  BTN_PAN_SYNC=0
14:25:37.558  <empty heartbeat>
14:25:37.659  <empty heartbeat>
14:25:37.760  <empty heartbeat>
14:25:37.862  <empty heartbeat>
14:25:37.963  <empty heartbeat>
14:25:38.064  <empty heartbeat>
14:25:38.165  <empty heartbeat>
14:25:38.194  ENC_RANGE_UP
14:25:38.229  ENC_RANGE_UP
14:25:38.333  <empty heartbeat>
14:25:38.349  ENC_RANGE_UP
14:25:38.394  ENC_RANGE_UP
14:25:38.497  <empty heartbeat>
14:25:38.598  <empty heartbeat>
14:25:38.699  <empty heartbeat>
14:25:38.801  <empty heartbeat>
14:25:38.902  <empty heartbeat>
14:25:39.003  <empty heartbeat>
14:25:39.076  ENC_RANGE_DN
14:25:39.179  <empty heartbeat>
14:25:39.216  ENC_RANGE_DN
14:25:39.250  ENC_RANGE_DN
14:25:39.284  ENC_RANGE_DN
14:25:39.385  <empty heartbeat>
14:25:39.486  <empty heartbeat>
14:25:39.587  \####RealSimGear#RealSimGear-GCU479#5#3.2.4#756E6B776F04E/
14:25:39.687  <empty heartbeat>
14:25:39.788  <empty heartbeat>
14:25:39.889  <empty heartbeat>
14:25:39.990  <empty heartbeat>
14:25:40.092  <empty heartbeat>
14:25:40.176  BTN_DIRECT=1
14:25:40.178  BTN_DIRECT2=1
14:25:40.193  <empty heartbeat>
14:25:40.294  <empty heartbeat>
14:25:40.316  BTN_DIRECT=0
14:25:40.318  BTN_DIRECT2=0
14:25:40.396  <empty heartbeat>
14:25:40.497  <empty heartbeat>
14:25:40.598  <empty heartbeat>
14:25:40.700  <empty heartbeat>
14:25:40.801  <empty heartbeat>
14:25:40.864  BTN_MENU=1
14:25:40.902  <empty heartbeat>
14:25:41.003  <empty heartbeat>
14:25:41.022  BTN_MENU=0
14:25:41.105  <empty heartbeat>
14:25:41.206  <empty heartbeat>
14:25:41.307  <empty heartbeat>
14:25:41.408  <empty heartbeat>
14:25:41.510  <empty heartbeat>
14:25:41.611  <empty heartbeat>
14:25:41.712  <empty heartbeat>
14:25:41.813  <empty heartbeat>
14:25:41.915  <empty heartbeat>
14:25:41.983  BTN_FMS_SYNC=1
14:25:42.086  <empty heartbeat>
14:25:42.187  <empty heartbeat>
14:25:42.222  BTN_FMS_SYNC=0
14:25:42.326  <empty heartbeat>
14:25:42.428  <empty heartbeat>
14:25:42.529  <empty heartbeat>
14:25:42.591  \####RealSimGear#RealSimGear-GCU479#5#3.2.4#756E6B776F04E/
14:25:42.690  <empty heartbeat>
14:25:42.792  <empty heartbeat>
14:25:42.893  <empty heartbeat>
14:25:42.926  ENC_FMS_INNER_UP
14:25:42.999  ENC_FMS_INNER_UP
14:25:43.102  <empty heartbeat>
14:25:43.203  <empty heartbeat>
14:25:43.304  <empty heartbeat>
14:25:43.406  <empty heartbeat>
14:25:43.494  ENC_FMS_INNER_DN
14:25:43.549  ENC_FMS_INNER_DN
14:25:43.633  ENC_FMS_INNER_DN
14:25:43.680  ENC_FMS_INNER_DN
14:25:43.682  ENC_FMS_INNER_UP
14:25:43.686  ENC_FMS_INNER_DN
14:25:43.788  <empty heartbeat>
14:25:43.889  <empty heartbeat>
14:25:43.990  <empty heartbeat>
14:25:44.092  <empty heartbeat>
14:25:44.193  <empty heartbeat>
14:25:44.294  <empty heartbeat>
14:25:44.388  ENC_FMS_OUTER_UP
14:25:44.491  <empty heartbeat>
14:25:44.573  ENC_FMS_OUTER_UP
14:25:44.622  ENC_FMS_OUTER_UP
14:25:44.724  <empty heartbeat>
14:25:44.825  <empty heartbeat>
14:25:44.927  <empty heartbeat>
14:25:44.965  ENC_FMS_OUTER_DN
14:25:45.026  ENC_FMS_OUTER_DN
14:25:45.129  <empty heartbeat>
14:25:45.155  ENC_FMS_OUTER_DN
14:25:45.258  <empty heartbeat>
14:25:45.359  <empty heartbeat>
14:25:45.460  <empty heartbeat>
14:25:45.561  <empty heartbeat>
14:25:45.593  \####RealSimGear#RealSimGear-GCU479#5#3.2.4#756E6B776F04E/
14:25:45.690  <empty heartbeat>
14:25:45.791  <empty heartbeat>
14:25:45.893  <empty heartbeat>
14:25:45.994  <empty heartbeat>
14:25:46.095  <empty heartbeat>
14:25:46.183  BTN_COM=1
14:25:46.288  <empty heartbeat>
14:25:46.352  BTN_COM=0
14:25:46.456  <empty heartbeat>
14:25:46.557  <empty heartbeat>
14:25:46.659  <empty heartbeat>
14:25:46.760  <empty heartbeat>
14:25:46.861  <empty heartbeat>
14:25:46.962  <empty heartbeat>
14:25:46.983  BTN_CRS=1
14:25:47.086  <empty heartbeat>
14:25:47.157  BTN_CRS=0
14:25:47.261  <empty heartbeat>
14:25:47.362  <empty heartbeat>
14:25:47.463  <empty heartbeat>
14:25:47.565  <empty heartbeat>
14:25:47.666  <empty heartbeat>
14:25:47.767  <empty heartbeat>
14:25:47.868  <empty heartbeat>
14:25:47.970  <empty heartbeat>
14:25:48.071  <empty heartbeat>
14:25:48.172  <empty heartbeat>
14:25:48.198  ENC_CRS_INNER_UP
14:25:48.202  ENC_CRS_INNER_DN
14:25:48.210  ENC_CRS_INNER_UP
14:25:48.313  <empty heartbeat>
14:25:48.326  ENC_CRS_INNER_UP
14:25:48.358  ENC_CRS_INNER_UP
14:25:48.459  <empty heartbeat>
14:25:48.560  <empty heartbeat>
14:25:48.596  \####RealSimGear#RealSimGear-GCU479#5#3.2.4#756E6B776F04E/
14:25:48.695  <empty heartbeat>
14:25:48.797  <empty heartbeat>
14:25:48.898  <empty heartbeat>
14:25:48.909  ENC_CRS_INNER_DN
14:25:48.964  ENC_CRS_INNER_DN
14:25:49.065  <empty heartbeat>
14:25:49.100  ENC_CRS_INNER_DN
14:25:49.104  ENC_CRS_INNER_UP
14:25:49.110  ENC_CRS_INNER_DN
14:25:49.212  <empty heartbeat>
14:25:49.313  <empty heartbeat>
14:25:49.414  <empty heartbeat>
14:25:49.515  <empty heartbeat>
14:25:49.616  <empty heartbeat>
14:25:49.718  <empty heartbeat>
14:25:49.819  <empty heartbeat>
14:25:49.890  BTN_CRS_SYNC=1
14:25:49.993  <empty heartbeat>
14:25:50.094  <empty heartbeat>
14:25:50.102  BTN_CRS_SYNC=0
14:25:50.206  <empty heartbeat>
14:25:50.307  <empty heartbeat>
14:25:50.408  <empty heartbeat>
14:25:50.509  <empty heartbeat>
14:25:50.610  <empty heartbeat>
14:25:50.712  <empty heartbeat>
14:25:50.813  <empty heartbeat>
14:25:50.872  ENC_CRS_OUTER_DN
14:25:50.974  <empty heartbeat>
14:25:50.980  ENC_CRS_OUTER_DN
14:25:51.046  ENC_CRS_OUTER_DN
14:25:51.147  <empty heartbeat>
14:25:51.248  <empty heartbeat>
14:25:51.349  <empty heartbeat>
14:25:51.450  <empty heartbeat>
14:25:51.548  ENC_CRS_OUTER_UP
14:25:51.599  \####RealSimGear#RealSimGear-GCU479#5#3.2.4#756E6B776F04E/
14:25:51.620  ENC_CRS_OUTER_UP
14:25:51.712  ENC_CRS_OUTER_UP
14:25:51.772  ENC_CRS_OUTER_UP
14:25:51.875  <empty heartbeat>
14:25:51.888  ENC_CRS_OUTER_UP
14:25:51.991  <empty heartbeat>
14:25:52.093  <empty heartbeat>
14:25:52.194  <empty heartbeat>
14:25:52.295  <empty heartbeat>
14:25:52.396  <empty heartbeat>
14:25:52.498  <empty heartbeat>
14:25:52.599  <empty heartbeat>
14:25:52.700  <empty heartbeat>
14:25:52.802  <empty heartbeat>
14:25:52.903  <empty heartbeat>
14:25:53.004  <empty heartbeat>
14:25:53.106  <empty heartbeat>
14:25:53.207  <empty heartbeat>
14:25:53.308  <empty heartbeat>
14:25:53.409  <empty heartbeat>
14:25:53.511  <empty heartbeat>
14:25:53.612  <empty heartbeat>
14:25:53.713  <empty heartbeat>
14:25:53.814  <empty heartbeat>
14:25:53.903  BTN_FPL=1
14:25:53.916  <empty heartbeat>
14:25:54.017  <empty heartbeat>
14:25:54.069  BTN_FPL=0
14:25:54.119  <empty heartbeat>
14:25:54.220  <empty heartbeat>
14:25:54.321  <empty heartbeat>
14:25:54.422  <empty heartbeat>
14:25:54.524  <empty heartbeat>
14:25:54.601  \####RealSimGear#RealSimGear-GCU479#5#3.2.4#756E6B776F04E/
14:25:54.633  BTN_PROC=1
14:25:54.698  <empty heartbeat>
14:25:54.767  BTN_PROC=0
14:25:54.799  <empty heartbeat>
14:25:54.900  <empty heartbeat>
14:25:55.002  <empty heartbeat>
14:25:55.103  <empty heartbeat>
14:25:55.204  <empty heartbeat>
14:25:55.306  <empty heartbeat>
14:25:55.370  BTN_NAV=1
14:25:55.474  <empty heartbeat>
14:25:55.506  BTN_NAV=0
14:25:55.610  <empty heartbeat>
14:25:55.711  <empty heartbeat>
14:25:55.813  <empty heartbeat>
14:25:55.914  <empty heartbeat>
14:25:56.015  <empty heartbeat>
14:25:56.117  <empty heartbeat>
14:25:56.218  <empty heartbeat>
14:25:56.282  BTN_XPDR=1
14:25:56.387  <empty heartbeat>
14:25:56.437  BTN_XPDR=0
14:25:56.541  <empty heartbeat>
14:25:56.642  <empty heartbeat>
14:25:56.743  <empty heartbeat>
14:25:56.844  <empty heartbeat>
14:25:56.946  <empty heartbeat>
14:25:57.047  <empty heartbeat>
14:25:57.069  BTN_CLR2=1
14:25:57.148  <empty heartbeat>
14:25:57.200  BTN_CLR2=0
14:25:57.250  <empty heartbeat>
14:25:57.351  <empty heartbeat>
14:25:57.452  <empty heartbeat>
14:25:57.554  <empty heartbeat>
14:25:57.603  \####RealSimGear#RealSimGear-GCU479#5#3.2.4#756E6B776F04E/
14:25:57.704  <empty heartbeat>
14:25:57.720  BTN_ENT2=1
14:25:57.721  BTN_FMS=1
14:25:57.721  BTN_FMS=0
14:25:57.805  <empty heartbeat>
14:25:57.866  BTN_ENT2=0
14:25:57.907  <empty heartbeat>
14:25:58.008  <empty heartbeat>
14:25:58.109  <empty heartbeat>
14:25:58.211  <empty heartbeat>
14:25:58.312  <empty heartbeat>
14:25:58.413  <empty heartbeat>
14:25:58.508  BTN_HOME=1
14:25:58.612  <empty heartbeat>
14:25:58.620  BTN_HOME=0
14:25:58.724  <empty heartbeat>
14:25:58.825  <empty heartbeat>
14:25:58.926  <empty heartbeat>
14:25:59.028  <empty heartbeat>
14:25:59.129  <empty heartbeat>
14:25:59.230  <empty heartbeat>
14:25:59.280  BTN_COM_FLIP=1
14:25:59.282  BTN_FMS=1
14:25:59.282  BTN_FMS=0
14:25:59.384  <empty heartbeat>
14:25:59.439  BTN_COM_FLIP=0
14:25:59.543  <empty heartbeat>
14:25:59.644  <empty heartbeat>
14:25:59.746  <empty heartbeat>
14:25:59.847  <empty heartbeat>
14:25:59.948  <empty heartbeat>
14:26:00.050  <empty heartbeat>
14:26:00.053  BTN_IDENT=1
14:26:00.156  <empty heartbeat>
14:26:00.196  BTN_IDENT=0
14:26:00.300  <empty heartbeat>
14:26:00.402  <empty heartbeat>
14:26:00.503  <empty heartbeat>
14:26:00.607  \####RealSimGear#RealSimGear-GCU479#5#3.2.4#756E6B776F04E/
14:26:00.707  <empty heartbeat>
14:26:00.808  <empty heartbeat>
14:26:00.909  <empty heartbeat>
14:26:00.956  BTN_COM_VOL=1
14:26:01.059  <empty heartbeat>
14:26:01.156  BTN_COM_VOL=0
14:26:01.260  <empty heartbeat>
14:26:01.361  <empty heartbeat>
14:26:01.463  <empty heartbeat>
14:26:01.564  <empty heartbeat>
14:26:01.665  <empty heartbeat>
14:26:01.713  ENC_COM_VOL_DN
14:26:01.736  ENC_COM_VOL_DN
14:26:01.754  ENC_COM_VOL_DN
14:26:01.778  ENC_COM_VOL_DN
14:26:01.814  ENC_COM_VOL_DN
14:26:01.844  ENC_COM_VOL_DN
14:26:01.866  ENC_COM_VOL_DN
14:26:01.889  ENC_COM_VOL_DN
14:26:01.913  ENC_COM_VOL_DN
14:26:02.016  <empty heartbeat>
14:26:02.117  <empty heartbeat>
14:26:02.218  <empty heartbeat>
14:26:02.320  <empty heartbeat>
14:26:02.366  ENC_COM_VOL_UP
14:26:02.398  ENC_COM_VOL_UP
14:26:02.423  ENC_COM_VOL_UP
14:26:02.444  ENC_COM_VOL_UP
14:26:02.463  ENC_COM_VOL_UP
14:26:02.478  ENC_COM_VOL_UP
14:26:02.493  ENC_COM_VOL_UP
14:26:02.506  ENC_COM_VOL_UP
14:26:02.524  ENC_COM_VOL_UP
14:26:02.582  ENC_COM_VOL_UP
14:26:02.681  ENC_COM_VOL_UP
14:26:02.784  <empty heartbeat>
14:26:02.885  <empty heartbeat>
14:26:02.987  <empty heartbeat>
14:26:03.088  <empty heartbeat>
14:26:03.190  <empty heartbeat>
14:26:03.222  BTN_COM=1
14:26:03.222  BTN_COM=0
14:26:03.224  BTN_1=1
14:26:03.326  <empty heartbeat>
14:26:03.372  BTN_1=0
14:26:03.477  <empty heartbeat>
14:26:03.578  <empty heartbeat>
14:26:03.610  \####RealSimGear#RealSimGear-GCU479#5#3.2.4#756E6B776F04E/
14:26:03.614  BTN_2=1
14:26:03.718  <empty heartbeat>
14:26:03.737  BTN_2=0
14:26:03.842  <empty heartbeat>
14:26:03.943  <empty heartbeat>
14:26:03.996  BTN_3=1
14:26:04.100  <empty heartbeat>
14:26:04.141  BTN_3=0
14:26:04.245  <empty heartbeat>
14:26:04.346  <empty heartbeat>
14:26:04.420  BTN_4=1
14:26:04.524  <empty heartbeat>
14:26:04.565  BTN_4=0
14:26:04.669  <empty heartbeat>
14:26:04.770  <empty heartbeat>
14:26:04.862  BTN_5=1
14:26:04.966  <empty heartbeat>
14:26:05.007  BTN_5=0
14:26:05.111  <empty heartbeat>
14:26:05.212  <empty heartbeat>
14:26:05.306  BTN_6=1
14:26:05.410  <empty heartbeat>
14:26:05.431  BTN_6=0
14:26:05.534  <empty heartbeat>
14:26:05.636  <empty heartbeat>
14:26:05.737  <empty heartbeat>
14:26:05.742  BTN_7=1
14:26:05.846  <empty heartbeat>
14:26:05.864  BTN_7=0
14:26:05.967  <empty heartbeat>
14:26:06.069  <empty heartbeat>
14:26:06.164  BTN_8=1
14:26:06.268  <empty heartbeat>
14:26:06.287  BTN_8=0
14:26:06.392  <empty heartbeat>
14:26:06.493  <empty heartbeat>
14:26:06.594  <empty heartbeat>
14:26:06.612  \####RealSimGear#RealSimGear-GCU479#5#3.2.4#756E6B776F04E/
14:26:06.681  BTN_9=1
14:26:06.785  <empty heartbeat>
14:26:06.796  BTN_9=0
14:26:06.900  <empty heartbeat>
14:26:07.001  <empty heartbeat>
14:26:07.103  <empty heartbeat>
14:26:07.198  BTN_0=1
14:26:07.301  <empty heartbeat>
14:26:07.312  BTN_0=0
14:26:07.416  <empty heartbeat>
14:26:07.518  <empty heartbeat>
14:26:07.619  <empty heartbeat>
14:26:07.720  <empty heartbeat>
14:26:07.799  BTN_PLUS_MINUS=1
14:26:07.901  <empty heartbeat>
14:26:07.925  BTN_PLUS_MINUS=0
14:26:08.028  <empty heartbeat>
14:26:08.130  <empty heartbeat>
14:26:08.231  <empty heartbeat>
14:26:08.258  BTN_Q=1
14:26:08.361  <empty heartbeat>
14:26:08.397  BTN_Q=0
14:26:08.500  <empty heartbeat>
14:26:08.601  <empty heartbeat>
14:26:08.691  BTN_W=1
14:26:08.794  <empty heartbeat>
14:26:08.823  BTN_W=0
14:26:08.927  <empty heartbeat>
14:26:09.028  <empty heartbeat>
14:26:09.114  BTN_E=1
14:26:09.218  <empty heartbeat>
14:26:09.256  BTN_E=0
14:26:09.360  <empty heartbeat>
14:26:09.461  <empty heartbeat>
14:26:09.562  BTN_R=1
14:26:09.669  \####RealSimGear#RealSimGear-GCU479#5#3.2.4#756E6B776F04E/
14:26:09.708  BTN_R=0
14:26:09.812  <empty heartbeat>
14:26:09.913  <empty heartbeat>
14:26:09.978  BTN_T=1
14:26:10.082  <empty heartbeat>
14:26:10.120  BTN_T=0
14:26:10.224  <empty heartbeat>
14:26:10.325  <empty heartbeat>
14:26:10.390  BTN_Y=1
14:26:10.494  <empty heartbeat>
14:26:10.535  BTN_Y=0
14:26:10.639  <empty heartbeat>
14:26:10.740  <empty heartbeat>
14:26:10.842  <empty heartbeat>
14:26:10.943  <empty heartbeat>
14:26:10.975  BTN_U=1
14:26:11.079  <empty heartbeat>
14:26:11.120  BTN_U=0
14:26:11.224  <empty heartbeat>
14:26:11.325  <empty heartbeat>
14:26:11.384  BTN_I=1
14:26:11.488  <empty heartbeat>
14:26:11.535  BTN_I=0
14:26:11.639  <empty heartbeat>
14:26:11.740  <empty heartbeat>
14:26:11.802  BTN_O=1
14:26:11.906  <empty heartbeat>
14:26:11.926  BTN_O=0
14:26:12.030  <empty heartbeat>
14:26:12.131  <empty heartbeat>
14:26:12.208  BTN_P=1
14:26:12.312  <empty heartbeat>
14:26:12.321  BTN_P=0
14:26:12.424  <empty heartbeat>
14:26:12.525  <empty heartbeat>
14:26:12.627  <empty heartbeat>
14:26:12.671  \####RealSimGear#RealSimGear-GCU479#5#3.2.4#756E6B776F04E/
14:26:12.729  BTN_BKSP=1
14:26:12.832  <empty heartbeat>
14:26:12.879  BTN_BKSP=0
14:26:12.983  <empty heartbeat>
14:26:13.085  <empty heartbeat>
14:26:13.186  <empty heartbeat>
14:26:13.193  BTN_A=1
14:26:13.288  <empty heartbeat>
14:26:13.327  BTN_A=0
14:26:13.389  <empty heartbeat>
14:26:13.490  <empty heartbeat>
14:26:13.592  <empty heartbeat>
14:26:13.644  BTN_S=1
14:26:13.693  <empty heartbeat>
14:26:13.781  BTN_S=0
14:26:13.795  <empty heartbeat>
14:26:13.896  <empty heartbeat>
14:26:13.998  <empty heartbeat>
14:26:14.067  BTN_D=1
14:26:14.099  <empty heartbeat>
14:26:14.199  BTN_D=0
14:26:14.201  <empty heartbeat>
14:26:14.302  <empty heartbeat>
14:26:14.404  <empty heartbeat>
14:26:14.452  BTN_F=1
14:26:14.505  <empty heartbeat>
14:26:14.587  BTN_F=0
14:26:14.607  <empty heartbeat>
14:26:14.708  <empty heartbeat>
14:26:14.809  <empty heartbeat>
14:26:14.852  BTN_G=1
14:26:14.911  <empty heartbeat>
14:26:14.986  BTN_G=0
14:26:15.012  <empty heartbeat>
14:26:15.114  <empty heartbeat>
14:26:15.215  <empty heartbeat>
14:26:15.237  BTN_H=1
14:26:15.317  <empty heartbeat>
14:26:15.377  BTN_H=0
14:26:15.418  <empty heartbeat>
14:26:15.520  <empty heartbeat>
14:26:15.621  <empty heartbeat>
14:26:15.646  BTN_J=1
14:26:15.674  \####RealSimGear#RealSimGear-GCU479#5#3.2.4#756E6B776F04E/
14:26:15.774  <empty heartbeat>
14:26:15.793  BTN_J=0
14:26:15.876  <empty heartbeat>
14:26:15.977  <empty heartbeat>
14:26:16.031  BTN_K=1
14:26:16.078  <empty heartbeat>
14:26:16.166  BTN_K=0
14:26:16.180  <empty heartbeat>
14:26:16.281  <empty heartbeat>
14:26:16.383  <empty heartbeat>
14:26:16.437  BTN_L=1
14:26:16.484  <empty heartbeat>
14:26:16.571  BTN_L=0
14:26:16.586  <empty heartbeat>
14:26:16.687  <empty heartbeat>
14:26:16.789  <empty heartbeat>
14:26:16.869  BTN_CLR=1
14:26:16.890  <empty heartbeat>
14:26:16.992  <empty heartbeat>
14:26:17.007  BTN_CLR=0
14:26:17.093  <empty heartbeat>
14:26:17.194  <empty heartbeat>
14:26:17.296  <empty heartbeat>
14:26:17.306  BTN_Z=1
14:26:17.397  <empty heartbeat>
14:26:17.461  BTN_Z=0
14:26:17.499  <empty heartbeat>
14:26:17.600  <empty heartbeat>
14:26:17.702  <empty heartbeat>
14:26:17.745  BTN_X=1
14:26:17.803  <empty heartbeat>
14:26:17.905  <empty heartbeat>
14:26:17.915  BTN_X=0
14:26:18.006  <empty heartbeat>
14:26:18.108  <empty heartbeat>
14:26:18.180  BTN_C=1
14:26:18.209  <empty heartbeat>
14:26:18.310  <empty heartbeat>
14:26:18.329  BTN_C=0
14:26:18.412  <empty heartbeat>
14:26:18.513  <empty heartbeat>
14:26:18.615  <empty heartbeat>
14:26:18.618  BTN_V=1
14:26:18.676  \####RealSimGear#RealSimGear-GCU479#5#3.2.4#756E6B776F04E/
14:26:18.769  BTN_V=0
14:26:18.774  <empty heartbeat>
14:26:18.875  <empty heartbeat>
14:26:18.977  <empty heartbeat>
14:26:19.026  BTN_B=1
14:26:19.078  <empty heartbeat>
14:26:19.181  BTN_B=0
14:26:19.181  <empty heartbeat>
14:26:19.281  <empty heartbeat>
14:26:19.383  <empty heartbeat>
14:26:19.425  BTN_N=1
14:26:19.484  <empty heartbeat>
14:26:19.580  BTN_N=0
14:26:19.586  <empty heartbeat>
14:26:19.687  <empty heartbeat>
14:26:19.788  <empty heartbeat>
14:26:19.831  BTN_M=1
14:26:19.890  <empty heartbeat>
14:26:19.969  BTN_M=0
14:26:19.991  <empty heartbeat>
14:26:20.093  <empty heartbeat>
14:26:20.194  <empty heartbeat>
14:26:20.225  BTN_SPC=1
14:26:20.296  <empty heartbeat>
14:26:20.377  BTN_SPC=0
14:26:20.394  <empty heartbeat>
14:26:20.496  <empty heartbeat>
14:26:20.597  <empty heartbeat>
14:26:20.651  BTN_PERIOD=1
14:26:20.696  <empty heartbeat>
14:26:20.797  <empty heartbeat>
14:26:20.813  BTN_PERIOD=0
14:26:20.899  <empty heartbeat>
14:26:20.000  <empty heartbeat>
14:26:21.101  <empty heartbeat>
14:26:21.108  BTN_ENT=1
14:26:21.203  <empty heartbeat>
14:26:21.282  BTN_ENT=0
14:26:21.305  <empty heartbeat>
14:26:21.406  <empty heartbeat>
14:26:21.507  <empty heartbeat>
14:26:21.609  <empty heartbeat>
14:26:21.680  \####RealSimGear#RealSimGear-GCU479#5#3.2.4#756E6B776F04E/
14:26:21.780  <empty heartbeat>
14:26:21.881  <empty heartbeat>
14:26:21.982  <empty heartbeat>
14:26:22.084  <empty heartbeat>
14:26:22.185  <empty heartbeat>
14:26:22.287  <empty heartbeat>
14:26:22.388  <empty heartbeat>
14:26:22.489  <empty heartbeat>
14:26:22.591  <empty heartbeat>
14:26:22.692  <empty heartbeat>
14:26:22.794  <empty heartbeat>
14:26:22.895  <empty heartbeat>
14:26:22.996  <empty heartbeat>
14:26:23.098  <empty heartbeat>
14:26:23.199  <empty heartbeat>
14:26:23.301  <empty heartbeat>
14:26:23.402  <empty heartbeat>
14:26:23.503  <empty heartbeat>
14:26:23.605  <empty heartbeat>
14:26:23.706  <empty heartbeat>
14:26:23.808  <empty heartbeat>
14:26:23.909  <empty heartbeat>
14:26:24.010  <empty heartbeat>
14:26:24.112  <empty heartbeat>
14:26:24.213  <empty heartbeat>
14:26:24.315  <empty heartbeat>
14:26:24.416  <empty heartbeat>
14:26:24.517  <empty heartbeat>
14:26:24.619  <empty heartbeat>
14:26:24.684  \####RealSimGear#RealSimGear-GCU479#5#3.2.4#756E6B776F04E/
14:26:24.784  <empty heartbeat>
14:26:24.885  <empty heartbeat>
14:26:24.986  <empty heartbeat>
14:26:25.088  <empty heartbeat>
14:26:25.189  <empty heartbeat>
14:26:25.291  <empty heartbeat>
14:26:25.392  <empty heartbeat>
14:26:25.493  <empty heartbeat>
14:26:25.595  <empty heartbeat>
14:26:25.696  <empty heartbeat>
14:26:25.798  <empty heartbeat>
14:26:25.899  <empty heartbeat>
14:26:25.000  <empty heartbeat>
14:26:26.102  <empty heartbeat>
14:26:26.203  <empty heartbeat>
14:26:26.305  <empty heartbeat>
14:26:26.406  <empty heartbeat>
14:26:26.508  <empty heartbeat>
14:26:26.609  <empty heartbeat>
14:26:26.710  <empty heartbeat>
14:26:26.812  <empty heartbeat>
14:26:26.913  <empty heartbeat>
14:26:27.014  <empty heartbeat>
14:26:27.116  <empty heartbeat>
14:26:27.217  <empty heartbeat>
14:26:27.319  <empty heartbeat>
14:26:27.420  <empty heartbeat>
14:26:27.521  <empty heartbeat>
14:26:27.623  <empty heartbeat>
14:26:27.688  \####RealSimGear#RealSimGear-GCU479#5#3.2.4#756E6B776F04E/
14:26:27.785  <empty heartbeat>
14:26:27.886  <empty heartbeat>
14:26:27.987  <empty heartbeat>
14:26:28.089  <empty heartbeat>
14:26:28.190  <empty heartbeat>
14:26:28.292  <empty heartbeat>
14:26:28.393  <empty heartbeat>
14:26:28.494  <empty heartbeat>
14:26:28.596  <empty heartbeat>
14:26:28.697  <empty heartbeat>
14:26:28.799  <empty heartbeat>
14:26:28.900  <empty heartbeat>
14:26:29.002  <empty heartbeat>
14:26:29.103  <empty heartbeat>
14:26:29.204  <empty heartbeat>
14:26:29.306  <empty heartbeat>
14:26:29.407  <empty heartbeat>
14:26:29.509  <empty heartbeat>
14:26:29.610  <empty heartbeat>
14:26:29.711  <empty heartbeat>
14:26:29.813  <empty heartbeat>
14:26:29.914  <empty heartbeat>
14:26:30.015  <empty heartbeat>
14:26:30.117  <empty heartbeat>
14:26:30.218  <empty heartbeat>
14:26:30.320  <empty heartbeat>
14:26:30.421  <empty heartbeat>
14:26:30.523  <empty heartbeat>
14:26:30.624  <empty heartbeat>
14:26:30.689  \####RealSimGear#RealSimGear-GCU479#5#3.2.4#756E6B776F04E/
14:26:30.789  <empty heartbeat>
14:26:30.890  <empty heartbeat>
14:26:30.992  <empty heartbeat>
14:26:31.093  <empty heartbeat>
14:26:31.194  <empty heartbeat>
14:26:31.296  <empty heartbeat>
14:26:31.397  <empty heartbeat>
14:26:31.499  <empty heartbeat>
14:26:31.600  <empty heartbeat>
14:26:31.701  <empty heartbeat>
14:26:31.803  <empty heartbeat>
14:26:31.904  <empty heartbeat>
14:26:32.006  <empty heartbeat>
14:26:32.107  <empty heartbeat>
14:26:32.208  <empty heartbeat>
14:26:32.310  <empty heartbeat>
14:26:32.411  <empty heartbeat>
14:26:32.513  <empty heartbeat>
14:26:32.614  <empty heartbeat>
14:26:32.715  <empty heartbeat>
14:26:32.817  <empty heartbeat>
14:26:32.918  <empty heartbeat>
14:26:33.020  <empty heartbeat>
14:26:33.121  <empty heartbeat>
14:26:33.222  <empty heartbeat>
14:26:33.324  <empty heartbeat>
14:26:33.425  <empty heartbeat>
14:26:33.527  <empty heartbeat>
14:26:33.628  <empty heartbeat>
14:26:33.693  \####RealSimGear#RealSimGear-GCU479#5#3.2.4#756E6B776F04E/
14:26:33.793  <empty heartbeat>
14:26:33.894  <empty heartbeat>
14:26:33.996  <empty heartbeat>
14:26:34.097  <empty heartbeat>
14:26:34.199  <empty heartbeat>
14:26:34.300  <empty heartbeat>
14:26:34.401  <empty heartbeat>
14:26:34.503  <empty heartbeat>
14:26:34.604  <empty heartbeat>
14:26:34.706  <empty heartbeat>
14:26:34.807  <empty heartbeat>
14:26:34.908  <empty heartbeat>
14:26:35.010  <empty heartbeat>
14:26:35.111  <empty heartbeat>
14:26:35.213  <empty heartbeat>
14:26:35.314  <empty heartbeat>
14:26:35.415  <empty heartbeat>
14:26:35.517  <empty heartbeat>
14:26:35.618  <empty heartbeat>
14:26:35.719  <empty heartbeat>
14:26:35.821  <empty heartbeat>
14:26:35.922  <empty heartbeat>
14:26:36.024  <empty heartbeat>
14:26:36.125  <empty heartbeat>
14:26:36.226  <empty heartbeat>
14:26:36.328  <empty heartbeat>
14:26:36.429  <empty heartbeat>
14:26:36.531  <empty heartbeat>
14:26:36.632  <empty heartbeat>
14:26:36.697  \####RealSimGear#RealSimGear-GCU479#5#3.2.4#756E6B776F04E/
14:26:36.794  <empty heartbeat>
14:26:36.895  <empty heartbeat>
14:26:36.997  <empty heartbeat>
14:26:37.098  <empty heartbeat>
14:26:37.200  <empty heartbeat>
14:26:37.301  <empty heartbeat>
14:26:37.403  <empty heartbeat>
14:26:37.504  <empty heartbeat>
14:26:37.605  <empty heartbeat>
14:26:37.707  <empty heartbeat>
14:26:37.808  <empty heartbeat>
14:26:37.909  <empty heartbeat>
14:26:38.011  <empty heartbeat>
14:26:38.112  <empty heartbeat>
14:26:38.214  <empty heartbeat>
14:26:38.315  <empty heartbeat>
14:26:38.416  <empty heartbeat>
14:26:38.518  <empty heartbeat>
14:26:38.619  <empty heartbeat>
14:26:38.721  <empty heartbeat>
14:26:38.822  <empty heartbeat>
14:26:38.923  <empty heartbeat>
14:26:39.025  <empty heartbeat>
14:26:39.126  <empty heartbeat>
14:26:39.225  <empty heartbeat>
14:26:39.326  <empty heartbeat>
14:26:39.427  <empty heartbeat>
14:26:39.529  <empty heartbeat>
14:26:39.630  <empty heartbeat>
14:26:39.698  \####RealSimGear#RealSimGear-GCU479#5#3.2.4#756E6B776F04E/
14:26:39.798  <empty heartbeat>
14:26:39.900  <empty heartbeat>
14:26:40.001  <empty heartbeat>
14:26:40.102  <empty heartbeat>
14:26:40.204  <empty heartbeat>
14:26:40.305  <empty heartbeat>
14:26:40.407  <empty heartbeat>
14:26:40.508  <empty heartbeat>
14:26:40.609  <empty heartbeat>
14:26:40.711  <empty heartbeat>
14:26:40.812  <empty heartbeat>
14:26:40.913  <empty heartbeat>
14:26:41.015  <empty heartbeat>
14:26:41.116  <empty heartbeat>
14:26:41.218  <empty heartbeat>
14:26:41.319  <empty heartbeat>
14:26:41.420  <empty heartbeat>
14:26:41.522  <empty heartbeat>
14:26:41.623  <empty heartbeat>
14:26:41.725  <empty heartbeat>
14:26:41.826  <empty heartbeat>
14:26:41.928  <empty heartbeat>
14:26:42.029  <empty heartbeat>
14:26:42.130  <empty heartbeat>
14:26:42.232  <empty heartbeat>
14:26:42.333  <empty heartbeat>
14:26:42.435  <empty heartbeat>
14:26:42.536  <empty heartbeat>
14:26:42.637  <empty heartbeat>
14:26:42.704  \####RealSimGear#RealSimGear-GCU479#5#3.2.4#756E6B776F04E/
14:26:42.802  <empty heartbeat>
14:26:42.904  <empty heartbeat>
14:26:43.005  <empty heartbeat>
14:26:43.106  <empty heartbeat>
14:26:43.208  <empty heartbeat>
14:26:43.309  <empty heartbeat>
14:26:43.411  <empty heartbeat>
14:26:43.512  <empty heartbeat>
14:26:43.613  <empty heartbeat>
14:26:43.715  <empty heartbeat>
14:26:43.816  <empty heartbeat>
14:26:43.918  <empty heartbeat>
14:26:44.019  <empty heartbeat>
14:26:44.120  <empty heartbeat>
14:26:44.222  <empty heartbeat>
14:26:44.323  <empty heartbeat>
14:26:44.425  <empty heartbeat>
14:26:44.526  <empty heartbeat>
14:26:44.627  <empty heartbeat>
14:26:44.729  <empty heartbeat>
14:26:44.830  <empty heartbeat>
14:26:44.932  <empty heartbeat>
14:26:45.033  <empty heartbeat>
14:26:45.134  <empty heartbeat>
14:26:45.236  <empty heartbeat>
14:26:45.337  <empty heartbeat>
14:26:45.439  <empty heartbeat>
14:26:45.540  <empty heartbeat>
14:26:45.641  <empty heartbeat>
14:26:45.708  \####RealSimGear#RealSimGear-GCU479#5#3.2.4#756E6B776F04E/
14:26:45.803  <empty heartbeat>
14:26:45.905  <empty heartbeat>
14:26:46.006  <empty heartbeat>
14:26:46.107  <empty heartbeat>
14:26:46.209  <empty heartbeat>
14:26:46.307  <empty heartbeat>
14:26:46.409  <empty heartbeat>
14:26:46.510  <empty heartbeat>
14:26:46.609  <empty heartbeat>
14:26:46.710  <empty heartbeat>
14:26:46.811  <empty heartbeat>
14:26:46.913  <empty heartbeat>
14:26:47.014  <empty heartbeat>
14:26:47.116  <empty heartbeat>
14:26:47.217  <empty heartbeat>
14:26:47.318  <empty heartbeat>
14:26:47.420  <empty heartbeat>
14:26:47.521  <empty heartbeat>
14:26:47.623  <empty heartbeat>
14:26:47.724  <empty heartbeat>
14:26:47.825  <empty heartbeat>
14:26:47.927  <empty heartbeat>
14:26:48.028  <empty heartbeat>
14:26:48.129  <empty heartbeat>
14:26:48.231  <empty heartbeat>
14:26:48.332  <empty heartbeat>
14:26:48.434  <empty heartbeat>
14:26:48.535  <empty heartbeat>
14:26:48.636  <empty heartbeat>
14:26:48.707  \####RealSimGear#RealSimGear-GCU479#5#3.2.4#756E6B776F04E/
14:26:48.807  <empty heartbeat>
14:26:48.909  <empty heartbeat>
14:26:49.010  <empty heartbeat>
14:26:49.112  <empty heartbeat>
14:26:49.213  <empty heartbeat>
14:26:49.314  <empty heartbeat>
14:26:49.416  <empty heartbeat>
14:26:49.517  <empty heartbeat>
14:26:49.619  <empty heartbeat>
14:26:49.720  <empty heartbeat>
14:26:49.821  <empty heartbeat>
14:26:49.923  <empty heartbeat>
14:26:50.024  <empty heartbeat>
14:26:50.126  <empty heartbeat>
14:26:50.227  <empty heartbeat>
14:26:50.328  <empty heartbeat>
14:26:50.430  <empty heartbeat>
14:26:50.531  <empty heartbeat>
14:26:50.633  <empty heartbeat>
14:26:50.734  <empty heartbeat>
14:26:50.835  <empty heartbeat>
14:26:50.937  <empty heartbeat>
14:26:51.038  <empty heartbeat>
14:26:51.137  <empty heartbeat>
14:26:51.238  <empty heartbeat>
14:26:51.339  <empty heartbeat>
14:26:51.441  <empty heartbeat>
14:26:51.542  <empty heartbeat>
14:26:51.644  <empty heartbeat>
14:26:51.711  \####RealSimGear#RealSimGear-GCU479#5#3.2.4#756E6B776F04E/
14:26:51.811  <empty heartbeat>
14:26:51.913  <empty heartbeat>
14:26:52.014  <empty heartbeat>
14:26:52.116  <empty heartbeat>
14:26:52.217  <empty heartbeat>
14:26:52.318  <empty heartbeat>
14:26:52.420  <empty heartbeat>
14:26:52.521  <empty heartbeat>
14:26:52.623  <empty heartbeat>
14:26:52.724  <empty heartbeat>
14:26:52.825  <empty heartbeat>
14:26:52.927  <empty heartbeat>
14:26:53.028  <empty heartbeat>
14:26:53.130  <empty heartbeat>
14:26:53.231  <empty heartbeat>
14:26:53.332  <empty heartbeat>
14:26:53.434  <empty heartbeat>
14:26:53.535  <empty heartbeat>
14:26:53.637  <empty heartbeat>
14:26:53.738  <empty heartbeat>
14:26:53.839  <empty heartbeat>
14:26:53.941  <empty heartbeat>
14:26:54.042  <empty heartbeat>
14:26:54.144  <empty heartbeat>
14:26:54.245  <empty heartbeat>
14:26:54.346  <empty heartbeat>
14:26:54.448  <empty heartbeat>
14:26:54.549  <empty heartbeat>
14:26:54.651  <empty heartbeat>
14:26:54.716  \####RealSimGear#RealSimGear-GCU479#5#3.2.4#756E6B776F04E/
14:26:54.812  <empty heartbeat>
14:26:54.914  <empty heartbeat>
14:26:55.015  <empty heartbeat>
14:26:55.117  <empty heartbeat>
14:26:55.218  <empty heartbeat>
14:26:55.319  <empty heartbeat>
14:26:55.421  <empty heartbeat>
14:26:55.522  <empty heartbeat>
14:26:55.624  <empty heartbeat>
14:26:55.725  <empty heartbeat>
14:26:55.826  <empty heartbeat>
14:26:55.928  <empty heartbeat>
14:26:56.029  <empty heartbeat>
14:26:56.131  <empty heartbeat>
14:26:56.232  <empty heartbeat>
14:26:56.333  <empty heartbeat>
14:26:56.435  <empty heartbeat>
14:26:56.536  <empty heartbeat>
14:26:56.638  <empty heartbeat>
14:26:56.739  <empty heartbeat>
14:26:56.840  <empty heartbeat>
14:26:56.942  <empty heartbeat>
14:26:57.043  <empty heartbeat>
14:26:57.145  <empty heartbeat>
14:26:57.246  <empty heartbeat>
14:26:57.347  <empty heartbeat>
14:26:57.449  <empty heartbeat>
14:26:57.550  <empty heartbeat>
14:26:57.651  <empty heartbeat>
14:26:57.717  \####RealSimGear#RealSimGear-GCU479#5#3.2.4#756E6B776F04E/
14:26:57.816  <empty heartbeat>
14:26:57.918  <empty heartbeat>
14:26:58.016  <empty heartbeat>
14:26:58.118  <empty heartbeat>
14:26:58.219  <empty heartbeat>
14:26:58.320  <empty heartbeat>
14:26:58.422  <empty heartbeat>
14:26:58.523  <empty heartbeat>
14:26:58.625  <empty heartbeat>
14:26:58.726  <empty heartbeat>
14:26:58.828  <empty heartbeat>
14:26:58.929  <empty heartbeat>
14:26:59.030  <empty heartbeat>
14:26:59.132  <empty heartbeat>
14:26:59.233  <empty heartbeat>
14:26:59.334  <empty heartbeat>
14:26:59.436  <empty heartbeat>
14:26:59.537  <empty heartbeat>
14:26:59.639  <empty heartbeat>
14:26:59.740  <empty heartbeat>
14:26:59.842  <empty heartbeat>
14:26:59.943  <empty heartbeat>
14:27:00.044  <empty heartbeat>
14:27:00.146  <empty heartbeat>
14:27:00.247  <empty heartbeat>
14:27:00.349  <empty heartbeat>
14:27:00.450  <empty heartbeat>
14:27:00.551  <empty heartbeat>
14:27:00.653  <empty heartbeat>
14:27:00.720  \####RealSimGear#RealSimGear-GCU479#5#3.2.4#756E6B776F04E/
14:27:00.821  <empty heartbeat>
14:27:00.922  <empty heartbeat>
14:27:01.023  <empty heartbeat>
14:27:01.125  <empty heartbeat>
14:27:01.226  <empty heartbeat>
14:27:01.328  <empty heartbeat>
14:27:01.429  <empty heartbeat>
14:27:01.530  <empty heartbeat>
14:27:01.632  <empty heartbeat>
14:27:01.733  <empty heartbeat>
14:27:01.834  <empty heartbeat>
14:27:01.936  <empty heartbeat>
14:27:02.037  <empty heartbeat>
14:27:02.139  <empty heartbeat>
14:27:02.240  <empty heartbeat>
14:27:02.342  <empty heartbeat>
14:27:02.443  <empty heartbeat>
14:27:02.544  <empty heartbeat>
14:27:02.646  <empty heartbeat>
14:27:02.744  <empty heartbeat>
14:27:02.845  <empty heartbeat>
14:27:02.947  <empty heartbeat>
14:27:03.048  <empty heartbeat>
14:27:03.150  <empty heartbeat>
14:27:03.251  <empty heartbeat>
14:27:03.352  <empty heartbeat>
14:27:03.454  <empty heartbeat>
14:27:03.555  <empty heartbeat>
14:27:03.657  <empty heartbeat>
14:27:03.726  \####RealSimGear#RealSimGear-GCU479#5#3.2.4#756E6B776F04E/
14:27:03.822  <empty heartbeat>
14:27:03.923  <empty heartbeat>
14:27:04.024  <empty heartbeat>
14:27:04.126  <empty heartbeat>
14:27:04.227  <empty heartbeat>
14:27:04.329  <empty heartbeat>
14:27:04.430  <empty heartbeat>
14:27:04.531  <empty heartbeat>
14:27:04.633  <empty heartbeat>
14:27:04.734  <empty heartbeat>
14:27:04.836  <empty heartbeat>
14:27:04.937  <empty heartbeat>
14:27:05.038  <empty heartbeat>
14:27:05.140  <empty heartbeat>
14:27:05.241  <empty heartbeat>
14:27:05.343  <empty heartbeat>
14:27:05.444  <empty heartbeat>
14:27:05.545  <empty heartbeat>
14:27:05.647  <empty heartbeat>
14:27:05.748  <empty heartbeat>
14:27:05.850  <empty heartbeat>
14:27:05.951  <empty heartbeat>
14:27:06.052  <empty heartbeat>
14:27:06.154  <empty heartbeat>
14:27:06.255  <empty heartbeat>
14:27:06.357  <empty heartbeat>
14:27:06.458  <empty heartbeat>
14:27:06.559  <empty heartbeat>
14:27:06.661  <empty heartbeat>
14:27:06.726  \####RealSimGear#RealSimGear-GCU479#5#3.2.4#756E6B776F04E/
14:27:06.826  <empty heartbeat>
14:27:06.927  <empty heartbeat>
14:27:07.028  <empty heartbeat>
14:27:07.130  <empty heartbeat>
14:27:07.231  <empty heartbeat>
14:27:07.333  <empty heartbeat>
14:27:07.434  <empty heartbeat>
14:27:07.535  <empty heartbeat>
14:27:07.637  <empty heartbeat>
14:27:07.738  <empty heartbeat>
14:27:07.840  <empty heartbeat>
14:27:07.941  <empty heartbeat>
14:27:08.042  <empty heartbeat>
14:27:08.144  <empty heartbeat>
14:27:08.245  <empty heartbeat>
14:27:08.347  <empty heartbeat>
14:27:08.448  <empty heartbeat>
14:27:08.549  <empty heartbeat>
14:27:08.651  <empty heartbeat>
14:27:08.752  <empty heartbeat>
14:27:08.853  <empty heartbeat>
14:27:08.955  <empty heartbeat>
14:27:09.056  <empty heartbeat>
14:27:09.158  <empty heartbeat>
14:27:09.259  <empty heartbeat>
14:27:09.361  <empty heartbeat>
14:27:09.462  <empty heartbeat>
14:27:09.564  <empty heartbeat>
14:27:09.665  <empty heartbeat>
14:27:09.729  \####RealSimGear#RealSimGear-GCU479#5#3.2.4#756E6B776F04E/
14:27:09.830  <empty heartbeat>
14:27:09.931  <empty heartbeat>
14:27:10.032  <empty heartbeat>
14:27:10.134  <empty heartbeat>
14:27:10.235  <empty heartbeat>
14:27:10.337  <empty heartbeat>
14:27:10.438  <empty heartbeat>
14:27:10.539  <empty heartbeat>
14:27:10.641  <empty heartbeat>
14:27:10.742  <empty heartbeat>
14:27:10.844  <empty heartbeat>
14:27:10.945  <empty heartbeat>
14:27:11.047  <empty heartbeat>
14:27:11.148  <empty heartbeat>
14:27:11.249  <empty heartbeat>
14:27:11.351  <empty heartbeat>
14:27:11.452  <empty heartbeat>
14:27:11.554  <empty heartbeat>
14:27:11.655  <empty heartbeat>
14:27:11.756  <empty heartbeat>
14:27:11.858  <empty heartbeat>
14:27:11.959  <empty heartbeat>
14:27:12.061  <empty heartbeat>
14:27:12.162  <empty heartbeat>
14:27:12.263  <empty heartbeat>
14:27:12.365  <empty heartbeat>
14:27:12.466  <empty heartbeat>
14:27:12.568  <empty heartbeat>
14:27:12.669  <empty heartbeat>
14:27:12.734  \####RealSimGear#RealSimGear-GCU479#5#3.2.4#756E6B776F04E/
14:27:12.831  <empty heartbeat>
14:27:12.932  <empty heartbeat>
14:27:13.034  <empty heartbeat>
14:27:13.135  <empty heartbeat>
14:27:13.236  <empty heartbeat>
14:27:13.338  <empty heartbeat>
14:27:13.439  <empty heartbeat>
14:27:13.540  <empty heartbeat>
14:27:13.642  <empty heartbeat>
14:27:13.743  <empty heartbeat>
14:27:13.845  <empty heartbeat>
14:27:13.946  <empty heartbeat>
14:27:14.048  <empty heartbeat>
14:27:14.149  <empty heartbeat>
14:27:14.250  <empty heartbeat>
14:27:14.352  <empty heartbeat>
14:27:14.453  <empty heartbeat>
14:27:14.555  <empty heartbeat>
14:27:14.656  <empty heartbeat>
14:27:14.754  <empty heartbeat>
14:27:14.856  <empty heartbeat>
14:27:14.954  <empty heartbeat>
14:27:15.056  <empty heartbeat>
14:27:15.157  <empty heartbeat>
14:27:15.258  <empty heartbeat>
14:27:15.360  <empty heartbeat>
14:27:15.461  <empty heartbeat>
14:27:15.563  <empty heartbeat>
14:27:15.664  <empty heartbeat>
14:27:15.735  \####RealSimGear#RealSimGear-GCU479#5#3.2.4#756E6B776F04E/
14:27:15.835  <empty heartbeat>
14:27:15.936  <empty heartbeat>
14:27:16.038  <empty heartbeat>
14:27:16.139  <empty heartbeat>
14:27:16.240  <empty heartbeat>
14:27:16.342  <empty heartbeat>
14:27:16.443  <empty heartbeat>
14:27:16.545  <empty heartbeat>
14:27:16.646  <empty heartbeat>
14:27:16.748  <empty heartbeat>
14:27:16.849  <empty heartbeat>
14:27:16.950  <empty heartbeat>
14:27:17.049  <empty heartbeat>
14:27:17.150  <empty heartbeat>
14:27:17.251  <empty heartbeat>
14:27:17.353  <empty heartbeat>
14:27:17.454  <empty heartbeat>
14:27:17.556  <empty heartbeat>
14:27:17.657  <empty heartbeat>
14:27:17.758  <empty heartbeat>
14:27:17.860  <empty heartbeat>
14:27:17.961  <empty heartbeat>
14:27:18.063  <empty heartbeat>
14:27:18.164  <empty heartbeat>
14:27:18.265  <empty heartbeat>
14:27:18.367  <empty heartbeat>
14:27:18.468  <empty heartbeat>
14:27:18.570  <empty heartbeat>
14:27:18.671  <empty heartbeat>
14:27:18.740  \####RealSimGear#RealSimGear-GCU479#5#3.2.4#756E6B776F04E/
14:27:18.839  <empty heartbeat>
14:27:18.940  <empty heartbeat>
14:27:19.042  <empty heartbeat>
14:27:19.143  <empty heartbeat>
14:27:19.244  <empty heartbeat>
14:27:19.346  <empty heartbeat>
14:27:19.447  <empty heartbeat>
14:27:19.549  <empty heartbeat>
14:27:19.650  <empty heartbeat>
14:27:19.751  <empty heartbeat>
14:27:19.853  <empty heartbeat>
14:27:19.954  <empty heartbeat>
14:27:20.056  <empty heartbeat>
14:27:20.157  <empty heartbeat>
14:27:20.259  <empty heartbeat>
14:27:20.360  <empty heartbeat>
14:27:20.461  <empty heartbeat>
14:27:20.563  <empty heartbeat>
14:27:20.664  <empty heartbeat>
14:27:20.765  <empty heartbeat>
14:27:20.867  <empty heartbeat>
14:27:20.968  <empty heartbeat>
14:27:21.070  <empty heartbeat>
14:27:21.171  <empty heartbeat>
14:27:21.272  <empty heartbeat>
14:27:21.374  <empty heartbeat>
14:27:21.475  <empty heartbeat>
14:27:21.574  <empty heartbeat>
14:27:21.675  <empty heartbeat>
14:27:21.743  \####RealSimGear#RealSimGear-GCU479#5#3.2.4#756E6B776F04E/
14:27:21.843  <empty heartbeat>
14:27:21.944  <empty heartbeat>
14:27:22.046  <empty heartbeat>
14:27:22.147  <empty heartbeat>
